===========================================
AUTO REFACTOR EXECUTION LOG
===========================================
Start Time: 2025-10-11
Branch: auto/refactor-i18n-print-clean
Target: Complete i18n/L10n system with print/PDF Arabic support

===========================================
EXECUTION PHASES
===========================================

[Phase 1: Cleanup & Setup] ✓ COMPLETED
------------------------------------------
- Created branch: auto/refactor-i18n-print-clean
- Removed temporary files (*.backup)
- Updated .gitignore with comprehensive rules
- Commit: 748e0e6

[Phase 2: Architecture Analysis] ✓ COMPLETED
------------------------------------------
Current Project State:
- Type: Electron + React + Vite
- Database: SQL.js (client-side SQLite)
- UI Framework: Material-UI v5
- Components: 37 JSX files
- Utilities: 55 JS modules
- Database Layer: 23 modules
- Tests: 115+ test cases

Key Findings:
1. Translation system ALREADY EXISTS and is well-structured:
   - src/utils/translations.js (350+ keys, bilingual ar/en)
   - src/contexts/TranslationContext.jsx (React context)
   - src/hooks/useTranslation.js (React hook)
   - src/components/common/LanguageSwitcher.jsx

2. Print/PDF system EXISTS:
   - src/utils/pdf/pdfService.js
   - src/hooks/usePrint.js
   - src/components/common/print/PrintButtons.jsx
   - src/components/common/print/PrintConfirmDialog.jsx
   - Templates: invoicePDF, batchPDF, statementPDF

3. Dialog system has BOTH old and new:
   - OLD: src/components/common/ConfirmDialog.jsx (deleted in staging)
   - NEW: src/components/common/dialogs/UnifiedDialog.jsx (new)
   - Forms: UnifiedFormDialog.jsx, UnifiedFormField.jsx

Architecture Layers:
├── UI Layer (React Components)
│   ├── Common Components (reusable)
│   ├── Feature Components (tabs)
│   └── Domain Components (sales, inventory)
├── State Management
│   └── TranslationContext (global language)
├── Business Logic Layer
│   ├── Hooks (useTranslation, usePrint, useErrorHandler)
│   └── Utils (formatters, validators, calculations)
├── Data Layer
│   ├── Database modules (CRUD operations)
│   ├── Transaction management
│   └── FIFO inventory tracking
└── Infrastructure
    ├── Security (encryption, sanitization)
    ├── PDF generation (pdfmake + Arabic support)
    └── Testing (vitest + testing-library)

[Phase 3: Code Duplication Analysis] ✓ COMPLETED
------------------------------------------
Key Findings:
1. HIGH PRIORITY Duplications:
   - Number formatting (fmt) duplicated in 10+ files
   - Customer/Supplier tabs 85-90% similar (2000+ lines)
   - Confirmation dialog pattern duplicated in 6+ tabs
   - CRUD pattern repeated in database modules
   - Async operation pattern repeated in all tabs

2. MEDIUM PRIORITY:
   - Validation logic scattered across tabs
   - Currency state repeated in 8+ files
   - TabPanel component duplicated 3 times
   - Display helper wrapper functions

3. Estimated Impact:
   - Code reduction: 2000-2500 lines (20-25%)
   - Maintenance improvement: Significant
   - Consistency improvement: High

Refactoring Strategy:
→ Create custom hooks (useConfirmDialog, useAsyncOperation, useEntityForm)
→ Extract shared components (TabPanel, EntityManagementTab)
→ Consolidate utilities (formatters, validators)
→ Generic database entity manager

